<?xml version="1.0" encoding="UTF-8"?>
<!-- Generated by org.testng.reporters.JUnitReportReporter -->
<testsuite hostname="LTIN233926" failures="0" tests="10" name="testCases.TC003_LanguageLearning" time="49.328" errors="0" timestamp="2024-02-02T12:08:40 IST" skipped="0">
  <testcase classname="testCases.TC003_LanguageLearning" name="searchHomePage" time="5.454"/>
  <system-out/>
  <testcase classname="testCases.TC003_LanguageLearning" name="levelSelector" time="3.705"/>
  <system-out/>
  <testcase classname="testCases.TC003_LanguageLearning" name="languageSelect" time="6.542"/>
  <system-out/>
  <testcase classname="testCases.TC003_LanguageLearning" name="Result" time="2.079"/>
  <system-out/>
  <testcase classname="testCases.TC003_LanguageLearning" name="deatilsFirstCard" time="0.190"/>
  <system-out/>
  <testcase classname="testCases.TC003_LanguageLearning" name="Headings" time="3.545"/>
  <system-out/>
  <testcase classname="testCases.TC003_LanguageLearning" name="Search2" time="6.987"/>
  <system-out/>
  <testcase classname="testCases.TC003_LanguageLearning" name="displayLevels" time="0.166"/>
  <system-out/>
  <testcase classname="testCases.TC003_LanguageLearning" name="displayLanguages" time="8.252"/>
  <system-out/>
  <testcase classname="testCases.TC003_LanguageLearning" name="ThirdtimeHomepage" time="12.408"/>
  <system-out/>
</testsuite> <!-- testCases.TC003_LanguageLearning -->
