<?xml version="1.0" encoding="UTF-8"?>
<!-- Generated by org.testng.reporters.JUnitReportReporter -->
<testsuite hostname="LTIN233926" failures="0" tests="1" name="testCases.TC001_SearchHomePage" time="8.238" errors="0" timestamp="2024-01-31T22:38:07 IST" skipped="0">
  <testcase classname="testCases.TC001_SearchHomePage" name="searchHomePage" time="8.238"/>
  <system-out/>
</testsuite> <!-- testCases.TC001_SearchHomePage -->
