<?xml version="1.0" encoding="UTF-8"?>
<!-- Generated by org.testng.reporters.JUnitReportReporter -->
<testsuite hostname="LTIN233583" failures="0" tests="13" name="testCases.TC004_BusinessCoursera" time="157.148" errors="0" timestamp="2024-02-06T13:08:30 IST" skipped="0">
  <testcase classname="testCases.TC004_BusinessCoursera" name="searchHomePage" time="14.346"/>
  <system-out/>
  <testcase classname="testCases.TC004_BusinessCoursera" name="levelSelector" time="3.756"/>
  <system-out/>
  <testcase classname="testCases.TC004_BusinessCoursera" name="languageSelect" time="7.116"/>
  <system-out/>
  <testcase classname="testCases.TC004_BusinessCoursera" name="Result" time="2.095"/>
  <system-out/>
  <testcase classname="testCases.TC004_BusinessCoursera" name="deatilsFirstCard" time="5.507"/>
  <system-out/>
  <testcase classname="testCases.TC004_BusinessCoursera" name="Headings" time="5.959"/>
  <system-out/>
  <testcase classname="testCases.TC004_BusinessCoursera" name="Search2" time="19.459"/>
  <system-out/>
  <testcase classname="testCases.TC004_BusinessCoursera" name="displayLevels" time="0.645"/>
  <system-out/>
  <testcase classname="testCases.TC004_BusinessCoursera" name="displayLanguages" time="13.168"/>
  <system-out/>
  <testcase classname="testCases.TC004_BusinessCoursera" name="ThirdtimeHomepage" time="42.759"/>
  <system-out/>
  <testcase classname="testCases.TC004_BusinessCoursera" name="clickSolution" time="28.433"/>
  <system-out/>
  <testcase classname="testCases.TC004_BusinessCoursera" name="clickContactUs" time="8.335"/>
  <system-out/>
  <testcase classname="testCases.TC004_BusinessCoursera" name="details" time="5.570"/>
  <system-out/>
</testsuite> <!-- testCases.TC004_BusinessCoursera -->
